2024-12-28 21:18:33,215 - INFO - Processing file: 15_225-80R17.5-700-710R_H.wav (Tire: 15, Pressure: 700, TireSize: 225-80R17.5, Tire_Type: 710R, Wear: 0%, Rim: Ir)
2024-12-28 21:18:33,216 - INFO - Loaded audio file '15_225-80R17.5-700-710R_H.wav' with sample rate 2000 Hz.
2024-12-28 21:18:33,217 - INFO - Detected 5 hits in '15_225-80R17.5-700-710R_H.wav'.
2024-12-28 21:18:33,223 - INFO - Saved processed hits to '15_700.csv'.
2024-12-28 21:18:33,223 - INFO - Processing file: 52_455-55R22.5-600-716R_H.wav (Tire: 52, Pressure: 600, TireSize: 455-55R22.5, Tire_Type: 716R, Wear: 0%, Rim: Al)
2024-12-28 21:18:33,224 - INFO - Loaded audio file '52_455-55R22.5-600-716R_H.wav' with sample rate 2000 Hz.
2024-12-28 21:18:33,224 - INFO - Detected 5 hits in '52_455-55R22.5-600-716R_H.wav'.
2024-12-28 21:18:33,227 - INFO - Saved processed hits to '52_600.csv'.
2024-12-28 21:18:33,227 - INFO - Processing file: 20_455-55R22.5-600-716U_H.wav (Tire: 20, Pressure: 600, TireSize: 455-55R22.5, Tire_Type: 716U, Wear: 0%, Rim: Ir)
2024-12-28 21:18:33,228 - INFO - Loaded audio file '20_455-55R22.5-600-716U_H.wav' with sample rate 2000 Hz.
2024-12-28 21:18:33,228 - INFO - Detected 5 hits in '20_455-55R22.5-600-716U_H.wav'.
2024-12-28 21:18:33,232 - INFO - Saved processed hits to '20_600.csv'.
2024-12-28 21:18:33,232 - INFO - Processing file: 11_225-80R17.5-800-710R_H.wav (Tire: 11, Pressure: 800, TireSize: 225-80R17.5, Tire_Type: 710R, Wear: 0%, Rim: Ir)
2024-12-28 21:18:33,232 - INFO - Loaded audio file '11_225-80R17.5-800-710R_H.wav' with sample rate 2000 Hz.
2024-12-28 21:18:33,233 - INFO - Detected 5 hits in '11_225-80R17.5-800-710R_H.wav'.
2024-12-28 21:18:33,235 - INFO - Saved processed hits to '11_800.csv'.
2024-12-28 21:18:33,235 - INFO - Processing file: 45_225-80R17.5-700-710R_H.wav (Tire: 45, Pressure: 700, TireSize: 225-80R17.5, Tire_Type: 710R, Wear: 0%, Rim: Al)
2024-12-28 21:18:33,236 - INFO - Loaded audio file '45_225-80R17.5-700-710R_H.wav' with sample rate 2000 Hz.
2024-12-28 21:18:33,236 - INFO - Detected 5 hits in '45_225-80R17.5-700-710R_H.wav'.
2024-12-28 21:18:33,239 - INFO - Saved processed hits to '45_700.csv'.
2024-12-28 21:18:33,239 - INFO - Processing file: 36_11R22.5-700-MY377_H.wav (Tire: 36, Pressure: 700, TireSize: 11R22.5, Tire_Type: MY377, Wear: 0%, Rim: Ir)
2024-12-28 21:18:33,239 - INFO - Loaded audio file '36_11R22.5-700-MY377_H.wav' with sample rate 2000 Hz.
2024-12-28 21:18:33,239 - INFO - Detected 5 hits in '36_11R22.5-700-MY377_H.wav'.
2024-12-28 21:18:33,242 - INFO - Saved processed hits to '36_700.csv'.
2024-12-28 21:18:33,242 - INFO - Processing file: 19_225-80R17.5-600-710R_H.wav (Tire: 19, Pressure: 600, TireSize: 225-80R17.5, Tire_Type: 710R, Wear: 0%, Rim: Ir)
2024-12-28 21:18:33,242 - INFO - Loaded audio file '19_225-80R17.5-600-710R_H.wav' with sample rate 2000 Hz.
2024-12-28 21:18:33,242 - INFO - Detected 5 hits in '19_225-80R17.5-600-710R_H.wav'.
2024-12-28 21:18:33,246 - INFO - Saved processed hits to '19_600.csv'.
2024-12-28 21:18:33,246 - INFO - Processing file: 27_11R22.5-900-903ZW_H.wav (Tire: 27, Pressure: 900, TireSize: 11R22.5, Tire_Type: 903ZW, Wear: 0%, Rim: Ir)
2024-12-28 21:18:33,246 - INFO - Loaded audio file '27_11R22.5-900-903ZW_H.wav' with sample rate 2000 Hz.
2024-12-28 21:18:33,246 - INFO - Detected 5 hits in '27_11R22.5-900-903ZW_H.wav'.
2024-12-28 21:18:33,250 - INFO - Saved processed hits to '27_900.csv'.
2024-12-28 21:18:33,250 - INFO - Processing file: 07_225-80R17.5-850-710R_H.wav (Tire: 07, Pressure: 850, TireSize: 225-80R17.5, Tire_Type: 710R, Wear: 0%, Rim: Ir)
2024-12-28 21:18:33,250 - INFO - Loaded audio file '07_225-80R17.5-850-710R_H.wav' with sample rate 2000 Hz.
2024-12-28 21:18:33,250 - INFO - Detected 5 hits in '07_225-80R17.5-850-710R_H.wav'.
2024-12-28 21:18:33,253 - INFO - Saved processed hits to '07_850.csv'.
2024-12-28 21:18:33,253 - INFO - Processing file: 47_225-80R17.5-500-710R_H.wav (Tire: 47, Pressure: 500, TireSize: 225-80R17.5, Tire_Type: 710R, Wear: 0%, Rim: Al)
2024-12-28 21:18:33,253 - INFO - Loaded audio file '47_225-80R17.5-500-710R_H.wav' with sample rate 2000 Hz.
2024-12-28 21:18:33,254 - INFO - Detected 5 hits in '47_225-80R17.5-500-710R_H.wav'.
2024-12-28 21:18:33,256 - INFO - Saved processed hits to '47_500.csv'.
2024-12-28 21:18:33,256 - INFO - Processing file: 62_11R22.5-600-710Rバフ100_H.wav (Tire: 62, Pressure: 600, TireSize: 11R22.5, Tire_Type: 710R, Wear: 100%, Rim: Ir)
2024-12-28 21:18:33,257 - INFO - Loaded audio file '62_11R22.5-600-710Rバフ100_H.wav' with sample rate 2000 Hz.
2024-12-28 21:18:33,257 - INFO - Detected 5 hits in '62_11R22.5-600-710Rバフ100_H.wav'.
2024-12-28 21:18:33,260 - INFO - Saved processed hits to '62_600.csv'.
2024-12-28 21:18:33,260 - INFO - Processing file: 02_245-70R19.5-900-710R_H.wav (Tire: 02, Pressure: 900, TireSize: 245-70R19.5, Tire_Type: 710R, Wear: 0%, Rim: Ir)
2024-12-28 21:18:33,260 - INFO - Loaded audio file '02_245-70R19.5-900-710R_H.wav' with sample rate 2000 Hz.
2024-12-28 21:18:33,260 - INFO - Detected 5 hits in '02_245-70R19.5-900-710R_H.wav'.
2024-12-28 21:18:33,263 - INFO - Saved processed hits to '02_900.csv'.
2024-12-28 21:18:33,263 - INFO - Processing file: 34_11R22.5-700-101LZ_H.wav (Tire: 34, Pressure: 700, TireSize: 11R22.5, Tire_Type: 101LZ, Wear: 0%, Rim: Ir)
2024-12-28 21:18:33,264 - INFO - Loaded audio file '34_11R22.5-700-101LZ_H.wav' with sample rate 2000 Hz.
2024-12-28 21:18:33,264 - INFO - Detected 5 hits in '34_11R22.5-700-101LZ_H.wav'.
2024-12-28 21:18:33,267 - INFO - Saved processed hits to '34_700.csv'.
2024-12-28 21:18:33,267 - INFO - Processing file: 31_11R22.5-800-903ZW_H.wav (Tire: 31, Pressure: 800, TireSize: 11R22.5, Tire_Type: 903ZW, Wear: 0%, Rim: Ir)
2024-12-28 21:18:33,267 - INFO - Loaded audio file '31_11R22.5-800-903ZW_H.wav' with sample rate 2000 Hz.
2024-12-28 21:18:33,267 - INFO - Detected 5 hits in '31_11R22.5-800-903ZW_H.wav'.
2024-12-28 21:18:33,270 - INFO - Saved processed hits to '31_800.csv'.
2024-12-28 21:18:33,270 - INFO - Processing file: 23_225-80R17.5-500-710R_H.wav (Tire: 23, Pressure: 500, TireSize: 225-80R17.5, Tire_Type: 710R, Wear: 0%, Rim: Ir)
2024-12-28 21:18:33,270 - INFO - Loaded audio file '23_225-80R17.5-500-710R_H.wav' with sample rate 2000 Hz.
2024-12-28 21:18:33,270 - INFO - Detected 5 hits in '23_225-80R17.5-500-710R_H.wav'.
2024-12-28 21:18:33,273 - INFO - Saved processed hits to '23_500.csv'.
2024-12-28 21:18:33,273 - INFO - Processing file: 59_11R22.5-900-710Rバフ100_H.wav (Tire: 59, Pressure: 900, TireSize: 11R22.5, Tire_Type: 710R, Wear: 100%, Rim: Ir)
2024-12-28 21:18:33,274 - INFO - Loaded audio file '59_11R22.5-900-710Rバフ100_H.wav' with sample rate 2000 Hz.
2024-12-28 21:18:33,274 - INFO - Detected 5 hits in '59_11R22.5-900-710Rバフ100_H.wav'.
2024-12-28 21:18:33,277 - INFO - Saved processed hits to '59_900.csv'.
2024-12-28 21:18:33,277 - INFO - Processing file: 24_455-55R22.5-500-716U_H.wav (Tire: 24, Pressure: 500, TireSize: 455-55R22.5, Tire_Type: 716U, Wear: 0%, Rim: Ir)
2024-12-28 21:18:33,277 - INFO - Loaded audio file '24_455-55R22.5-500-716U_H.wav' with sample rate 2000 Hz.
2024-12-28 21:18:33,277 - INFO - Detected 5 hits in '24_455-55R22.5-500-716U_H.wav'.
2024-12-28 21:18:33,281 - INFO - Saved processed hits to '24_500.csv'.
2024-12-28 21:18:33,281 - INFO - Processing file: 39_11R22.5-600-903ZW_H.wav (Tire: 39, Pressure: 600, TireSize: 11R22.5, Tire_Type: 903ZW, Wear: 0%, Rim: Ir)
2024-12-28 21:18:33,281 - INFO - Loaded audio file '39_11R22.5-600-903ZW_H.wav' with sample rate 2000 Hz.
2024-12-28 21:18:33,281 - INFO - Detected 5 hits in '39_11R22.5-600-903ZW_H.wav'.
2024-12-28 21:18:33,284 - INFO - Saved processed hits to '39_600.csv'.
2024-12-28 21:18:33,284 - INFO - Processing file: 50_455-55R22.5-800-716R_H.wav (Tire: 50, Pressure: 800, TireSize: 455-55R22.5, Tire_Type: 716R, Wear: 0%, Rim: Al)
2024-12-28 21:18:33,284 - INFO - Loaded audio file '50_455-55R22.5-800-716R_H.wav' with sample rate 2000 Hz.
2024-12-28 21:18:33,284 - INFO - Detected 5 hits in '50_455-55R22.5-800-716R_H.wav'.
2024-12-28 21:18:33,287 - INFO - Saved processed hits to '50_800.csv'.
2024-12-28 21:18:33,287 - INFO - Processing file: 21_11R22.5-500-710R_H.wav (Tire: 21, Pressure: 500, TireSize: 11R22.5, Tire_Type: 710R, Wear: 0%, Rim: Ir)
2024-12-28 21:18:33,287 - INFO - Loaded audio file '21_11R22.5-500-710R_H.wav' with sample rate 2000 Hz.
2024-12-28 21:18:33,287 - INFO - Detected 5 hits in '21_11R22.5-500-710R_H.wav'.
2024-12-28 21:18:33,290 - INFO - Saved processed hits to '21_500.csv'.
2024-12-28 21:18:33,290 - INFO - Processing file: 51_455-55R22.5-700-716R_H.wav (Tire: 51, Pressure: 700, TireSize: 455-55R22.5, Tire_Type: 716R, Wear: 0%, Rim: Al)
2024-12-28 21:18:33,290 - INFO - Loaded audio file '51_455-55R22.5-700-716R_H.wav' with sample rate 2000 Hz.
2024-12-28 21:18:33,290 - INFO - Detected 5 hits in '51_455-55R22.5-700-716R_H.wav'.
2024-12-28 21:18:33,293 - INFO - Saved processed hits to '51_700.csv'.
2024-12-28 21:18:33,294 - INFO - Processing file: 09_11R22.5-800-710R_H.wav (Tire: 09, Pressure: 800, TireSize: 11R22.5, Tire_Type: 710R, Wear: 0%, Rim: Ir)
2024-12-28 21:18:33,294 - INFO - Loaded audio file '09_11R22.5-800-710R_H.wav' with sample rate 2000 Hz.
2024-12-28 21:18:33,294 - INFO - Detected 5 hits in '09_11R22.5-800-710R_H.wav'.
2024-12-28 21:18:33,298 - INFO - Saved processed hits to '09_800.csv'.
2024-12-28 21:18:33,298 - INFO - Processing file: 12_455-55R22.5-800-716U_H.wav (Tire: 12, Pressure: 800, TireSize: 455-55R22.5, Tire_Type: 716U, Wear: 0%, Rim: Ir)
2024-12-28 21:18:33,298 - INFO - Loaded audio file '12_455-55R22.5-800-716U_H.wav' with sample rate 2000 Hz.
2024-12-28 21:18:33,298 - INFO - Detected 5 hits in '12_455-55R22.5-800-716U_H.wav'.
2024-12-28 21:18:33,301 - INFO - Saved processed hits to '12_800.csv'.
2024-12-28 21:18:33,301 - INFO - Processing file: 16_455-55R22.5-700-716U_H.wav (Tire: 16, Pressure: 700, TireSize: 455-55R22.5, Tire_Type: 716U, Wear: 0%, Rim: Ir)
2024-12-28 21:18:33,301 - INFO - Loaded audio file '16_455-55R22.5-700-716U_H.wav' with sample rate 2000 Hz.
2024-12-28 21:18:33,302 - INFO - Detected 5 hits in '16_455-55R22.5-700-716U_H.wav'.
2024-12-28 21:18:33,305 - INFO - Saved processed hits to '16_700.csv'.
2024-12-28 21:18:33,305 - INFO - Processing file: 48_455-55R22.5-900-716R_H.wav (Tire: 48, Pressure: 900, TireSize: 455-55R22.5, Tire_Type: 716R, Wear: 0%, Rim: Al)
2024-12-28 21:18:33,305 - INFO - Loaded audio file '48_455-55R22.5-900-716R_H.wav' with sample rate 2000 Hz.
2024-12-28 21:18:33,305 - INFO - Detected 5 hits in '48_455-55R22.5-900-716R_H.wav'.
2024-12-28 21:18:33,308 - INFO - Saved processed hits to '48_900.csv'.
2024-12-28 21:18:33,308 - INFO - Processing file: 46_225-80R17.5-600-710R_H.wav (Tire: 46, Pressure: 600, TireSize: 225-80R17.5, Tire_Type: 710R, Wear: 0%, Rim: Al)
2024-12-28 21:18:33,308 - INFO - Loaded audio file '46_225-80R17.5-600-710R_H.wav' with sample rate 2000 Hz.
2024-12-28 21:18:33,308 - INFO - Detected 5 hits in '46_225-80R17.5-600-710R_H.wav'.
2024-12-28 21:18:33,311 - INFO - Saved processed hits to '46_600.csv'.
2024-12-28 21:18:33,311 - INFO - Processing file: 26_11R22.5-900-101LZ_H.wav (Tire: 26, Pressure: 900, TireSize: 11R22.5, Tire_Type: 101LZ, Wear: 0%, Rim: Ir)
2024-12-28 21:18:33,311 - INFO - Loaded audio file '26_11R22.5-900-101LZ_H.wav' with sample rate 2000 Hz.
2024-12-28 21:18:33,312 - INFO - Detected 5 hits in '26_11R22.5-900-101LZ_H.wav'.
2024-12-28 21:18:33,315 - INFO - Saved processed hits to '26_900.csv'.
2024-12-28 21:18:33,315 - INFO - Processing file: 42_225-80R17.5-900-710R_H.wav (Tire: 42, Pressure: 900, TireSize: 225-80R17.5, Tire_Type: 710R, Wear: 0%, Rim: Al)
2024-12-28 21:18:33,315 - INFO - Loaded audio file '42_225-80R17.5-900-710R_H.wav' with sample rate 2000 Hz.
2024-12-28 21:18:33,315 - INFO - Detected 5 hits in '42_225-80R17.5-900-710R_H.wav'.
2024-12-28 21:18:33,318 - INFO - Saved processed hits to '42_900.csv'.
2024-12-28 21:18:33,318 - INFO - Processing file: 13_11R22.5-700-710R_H.wav (Tire: 13, Pressure: 700, TireSize: 11R22.5, Tire_Type: 710R, Wear: 0%, Rim: Ir)
2024-12-28 21:18:33,318 - INFO - Loaded audio file '13_11R22.5-700-710R_H.wav' with sample rate 2000 Hz.
2024-12-28 21:18:33,318 - INFO - Detected 5 hits in '13_11R22.5-700-710R_H.wav'.
2024-12-28 21:18:33,321 - INFO - Saved processed hits to '13_700.csv'.
2024-12-28 21:18:33,321 - INFO - Processing file: 57_11R22.5-600-710Rバフ50_H.wav (Tire: 57, Pressure: 600, TireSize: 11R22.5, Tire_Type: 710R, Wear: 50%, Rim: Ir)
2024-12-28 21:18:33,321 - INFO - Loaded audio file '57_11R22.5-600-710Rバフ50_H.wav' with sample rate 2000 Hz.
2024-12-28 21:18:33,321 - INFO - Detected 5 hits in '57_11R22.5-600-710Rバフ50_H.wav'.
2024-12-28 21:18:33,324 - INFO - Saved processed hits to '57_600.csv'.
2024-12-28 21:18:33,324 - INFO - Processing file: 04_455-55R22.5-900-716U_H.wav (Tire: 04, Pressure: 900, TireSize: 455-55R22.5, Tire_Type: 716U, Wear: 0%, Rim: Ir)
2024-12-28 21:18:33,325 - INFO - Loaded audio file '04_455-55R22.5-900-716U_H.wav' with sample rate 2000 Hz.
2024-12-28 21:18:33,325 - INFO - Detected 5 hits in '04_455-55R22.5-900-716U_H.wav'.
2024-12-28 21:18:33,328 - INFO - Saved processed hits to '04_900.csv'.
2024-12-28 21:18:33,328 - INFO - Processing file: 55_11R22.5-800-710Rバフ50_H.wav (Tire: 55, Pressure: 800, TireSize: 11R22.5, Tire_Type: 710R, Wear: 50%, Rim: Ir)
2024-12-28 21:18:33,328 - INFO - Loaded audio file '55_11R22.5-800-710Rバフ50_H.wav' with sample rate 2000 Hz.
2024-12-28 21:18:33,328 - INFO - Detected 5 hits in '55_11R22.5-800-710Rバフ50_H.wav'.
2024-12-28 21:18:33,331 - INFO - Saved processed hits to '55_800.csv'.
2024-12-28 21:18:33,331 - INFO - Processing file: 32_11R22.5-800-MY377_H.wav (Tire: 32, Pressure: 800, TireSize: 11R22.5, Tire_Type: MY377, Wear: 0%, Rim: Ir)
2024-12-28 21:18:33,331 - INFO - Loaded audio file '32_11R22.5-800-MY377_H.wav' with sample rate 2000 Hz.
2024-12-28 21:18:33,332 - INFO - Detected 5 hits in '32_11R22.5-800-MY377_H.wav'.
2024-12-28 21:18:33,334 - INFO - Saved processed hits to '32_800.csv'.
2024-12-28 21:18:33,334 - INFO - Processing file: 53_455-55R22.5-500-716R_H.wav (Tire: 53, Pressure: 500, TireSize: 455-55R22.5, Tire_Type: 716R, Wear: 0%, Rim: Al)
2024-12-28 21:18:33,334 - INFO - Loaded audio file '53_455-55R22.5-500-716R_H.wav' with sample rate 2000 Hz.
2024-12-28 21:18:33,335 - INFO - Detected 5 hits in '53_455-55R22.5-500-716R_H.wav'.
2024-12-28 21:18:33,337 - INFO - Saved processed hits to '53_500.csv'.
2024-12-28 21:18:33,337 - INFO - Processing file: 17_11R22.5-600-710R_H.wav (Tire: 17, Pressure: 600, TireSize: 11R22.5, Tire_Type: 710R, Wear: 0%, Rim: Ir)
2024-12-28 21:18:33,338 - INFO - Loaded audio file '17_11R22.5-600-710R_H.wav' with sample rate 2000 Hz.
2024-12-28 21:18:33,338 - INFO - Detected 5 hits in '17_11R22.5-600-710R_H.wav'.
2024-12-28 21:18:33,340 - INFO - Saved processed hits to '17_600.csv'.
2024-12-28 21:18:33,341 - INFO - Processing file: 40_11R22.5-600-MY377_H.wav (Tire: 40, Pressure: 600, TireSize: 11R22.5, Tire_Type: MY377, Wear: 0%, Rim: Ir)
2024-12-28 21:18:33,341 - INFO - Loaded audio file '40_11R22.5-600-MY377_H.wav' with sample rate 2000 Hz.
2024-12-28 21:18:33,341 - INFO - Detected 5 hits in '40_11R22.5-600-MY377_H.wav'.
2024-12-28 21:18:33,344 - INFO - Saved processed hits to '40_600.csv'.
2024-12-28 21:18:33,344 - INFO - Processing file: 22_245-70R19.5-500-710R_H.wav (Tire: 22, Pressure: 500, TireSize: 245-70R19.5, Tire_Type: 710R, Wear: 0%, Rim: Ir)
2024-12-28 21:18:33,344 - INFO - Loaded audio file '22_245-70R19.5-500-710R_H.wav' with sample rate 2000 Hz.
2024-12-28 21:18:33,348 - INFO - Detected 5 hits in '22_245-70R19.5-500-710R_H.wav'.
2024-12-28 21:18:33,355 - INFO - Saved processed hits to '22_500.csv'.
2024-12-28 21:18:33,355 - INFO - Processing file: 28_11R22.5-900-MY377_H.wav (Tire: 28, Pressure: 900, TireSize: 11R22.5, Tire_Type: MY377, Wear: 0%, Rim: Ir)
2024-12-28 21:18:33,357 - INFO - Loaded audio file '28_11R22.5-900-MY377_H.wav' with sample rate 2000 Hz.
2024-12-28 21:18:33,357 - INFO - Detected 5 hits in '28_11R22.5-900-MY377_H.wav'.
2024-12-28 21:18:33,361 - INFO - Saved processed hits to '28_900.csv'.
2024-12-28 21:18:33,361 - INFO - Processing file: 08_455-55R22.5-850-716U_H.wav (Tire: 08, Pressure: 850, TireSize: 455-55R22.5, Tire_Type: 716U, Wear: 0%, Rim: Ir)
2024-12-28 21:18:33,361 - INFO - Loaded audio file '08_455-55R22.5-850-716U_H.wav' with sample rate 2000 Hz.
2024-12-28 21:18:33,361 - INFO - Detected 5 hits in '08_455-55R22.5-850-716U_H.wav'.
2024-12-28 21:18:33,364 - INFO - Saved processed hits to '08_850.csv'.
2024-12-28 21:18:33,365 - INFO - Processing file: 03_225-80R17.5-900-710R_H.wav (Tire: 03, Pressure: 900, TireSize: 225-80R17.5, Tire_Type: 710R, Wear: 0%, Rim: Ir)
2024-12-28 21:18:33,365 - INFO - Loaded audio file '03_225-80R17.5-900-710R_H.wav' with sample rate 2000 Hz.
2024-12-28 21:18:33,365 - INFO - Detected 5 hits in '03_225-80R17.5-900-710R_H.wav'.
2024-12-28 21:18:33,368 - INFO - Saved processed hits to '03_900.csv'.
2024-12-28 21:18:33,368 - INFO - Processing file: 06_245-70R19.5-850-710R_H.wav (Tire: 06, Pressure: 850, TireSize: 245-70R19.5, Tire_Type: 710R, Wear: 0%, Rim: Ir)
2024-12-28 21:18:33,368 - INFO - Loaded audio file '06_245-70R19.5-850-710R_H.wav' with sample rate 2000 Hz.
2024-12-28 21:18:33,368 - INFO - Detected 5 hits in '06_245-70R19.5-850-710R_H.wav'.
2024-12-28 21:18:33,371 - INFO - Saved processed hits to '06_850.csv'.
2024-12-28 21:18:33,371 - INFO - Processing file: 56_11R22.5-700-710Rバフ50_H.wav (Tire: 56, Pressure: 700, TireSize: 11R22.5, Tire_Type: 710R, Wear: 50%, Rim: Ir)
2024-12-28 21:18:33,371 - INFO - Loaded audio file '56_11R22.5-700-710Rバフ50_H.wav' with sample rate 2000 Hz.
2024-12-28 21:18:33,372 - INFO - Detected 5 hits in '56_11R22.5-700-710Rバフ50_H.wav'.
2024-12-28 21:18:33,374 - INFO - Saved processed hits to '56_700.csv'.
2024-12-28 21:18:33,374 - INFO - Processing file: 38_11R22.5-600-101LZ_H.wav (Tire: 38, Pressure: 600, TireSize: 11R22.5, Tire_Type: 101LZ, Wear: 0%, Rim: Ir)
2024-12-28 21:18:33,375 - INFO - Loaded audio file '38_11R22.5-600-101LZ_H.wav' with sample rate 2000 Hz.
2024-12-28 21:18:33,375 - INFO - Detected 5 hits in '38_11R22.5-600-101LZ_H.wav'.
2024-12-28 21:18:33,378 - INFO - Saved processed hits to '38_600.csv'.
2024-12-28 21:18:33,378 - INFO - Processing file: 18_245-70R19.5-600-710R_H.wav (Tire: 18, Pressure: 600, TireSize: 245-70R19.5, Tire_Type: 710R, Wear: 0%, Rim: Ir)
2024-12-28 21:18:33,378 - INFO - Loaded audio file '18_245-70R19.5-600-710R_H.wav' with sample rate 2000 Hz.
2024-12-28 21:18:33,379 - INFO - Detected 5 hits in '18_245-70R19.5-600-710R_H.wav'.
2024-12-28 21:18:33,381 - INFO - Saved processed hits to '18_600.csv'.
2024-12-28 21:18:33,382 - INFO - Processing file: 54_11R22.5-900-710Rバフ50_H.wav (Tire: 54, Pressure: 900, TireSize: 11R22.5, Tire_Type: 710R, Wear: 50%, Rim: Ir)
2024-12-28 21:18:33,382 - INFO - Loaded audio file '54_11R22.5-900-710Rバフ50_H.wav' with sample rate 2000 Hz.
2024-12-28 21:18:33,382 - INFO - Detected 5 hits in '54_11R22.5-900-710Rバフ50_H.wav'.
2024-12-28 21:18:33,385 - INFO - Saved processed hits to '54_900.csv'.
2024-12-28 21:18:33,385 - INFO - Processing file: 05_11R22.5-850-710R_H.wav (Tire: 05, Pressure: 850, TireSize: 11R22.5, Tire_Type: 710R, Wear: 0%, Rim: Ir)
2024-12-28 21:18:33,385 - INFO - Loaded audio file '05_11R22.5-850-710R_H.wav' with sample rate 2000 Hz.
2024-12-28 21:18:33,385 - INFO - Detected 5 hits in '05_11R22.5-850-710R_H.wav'.
2024-12-28 21:18:33,388 - INFO - Saved processed hits to '05_850.csv'.
2024-12-28 21:18:33,388 - INFO - Processing file: 60_11R22.5-800-710Rバフ100_H.wav (Tire: 60, Pressure: 800, TireSize: 11R22.5, Tire_Type: 710R, Wear: 100%, Rim: Ir)
2024-12-28 21:18:33,388 - INFO - Loaded audio file '60_11R22.5-800-710Rバフ100_H.wav' with sample rate 2000 Hz.
2024-12-28 21:18:33,388 - INFO - Detected 5 hits in '60_11R22.5-800-710Rバフ100_H.wav'.
2024-12-28 21:18:33,391 - INFO - Saved processed hits to '60_800.csv'.
2024-12-28 21:18:33,391 - INFO - Processing file: 01_11R22.5-900-710R_H.wav (Tire: 01, Pressure: 900, TireSize: 11R22.5, Tire_Type: 710R, Wear: 0%, Rim: Ir)
2024-12-28 21:18:33,391 - INFO - Loaded audio file '01_11R22.5-900-710R_H.wav' with sample rate 2000 Hz.
2024-12-28 21:18:33,392 - INFO - Detected 5 hits in '01_11R22.5-900-710R_H.wav'.
2024-12-28 21:18:33,396 - INFO - Saved processed hits to '01_900.csv'.
2024-12-28 21:18:33,396 - INFO - Processing file: 61_11R22.5-700-710Rバフ100_H.wav (Tire: 61, Pressure: 700, TireSize: 11R22.5, Tire_Type: 710R, Wear: 100%, Rim: Ir)
2024-12-28 21:18:33,396 - INFO - Loaded audio file '61_11R22.5-700-710Rバフ100_H.wav' with sample rate 2000 Hz.
2024-12-28 21:18:33,397 - INFO - Detected 5 hits in '61_11R22.5-700-710Rバフ100_H.wav'.
2024-12-28 21:18:33,399 - INFO - Saved processed hits to '61_700.csv'.
2024-12-28 21:18:33,399 - INFO - Processing file: 43_225-80R17.5-850-710R_H.wav (Tire: 43, Pressure: 850, TireSize: 225-80R17.5, Tire_Type: 710R, Wear: 0%, Rim: Al)
2024-12-28 21:18:33,400 - INFO - Loaded audio file '43_225-80R17.5-850-710R_H.wav' with sample rate 2000 Hz.
2024-12-28 21:18:33,400 - INFO - Detected 5 hits in '43_225-80R17.5-850-710R_H.wav'.
2024-12-28 21:18:33,403 - INFO - Saved processed hits to '43_850.csv'.
2024-12-28 21:18:33,403 - INFO - Processing file: 49_455-55R22.5-850-716R_H.wav (Tire: 49, Pressure: 850, TireSize: 455-55R22.5, Tire_Type: 716R, Wear: 0%, Rim: Al)
2024-12-28 21:18:33,403 - INFO - Loaded audio file '49_455-55R22.5-850-716R_H.wav' with sample rate 2000 Hz.
2024-12-28 21:18:33,403 - INFO - Detected 5 hits in '49_455-55R22.5-850-716R_H.wav'.
2024-12-28 21:18:33,406 - INFO - Saved processed hits to '49_850.csv'.
2024-12-28 21:18:33,406 - INFO - Processing file: 63_11R22.5-500-710Rバフ100_H.wav (Tire: 63, Pressure: 500, TireSize: 11R22.5, Tire_Type: 710R, Wear: 100%, Rim: Ir)
2024-12-28 21:18:33,406 - INFO - Loaded audio file '63_11R22.5-500-710Rバフ100_H.wav' with sample rate 2000 Hz.
2024-12-28 21:18:33,407 - INFO - Detected 5 hits in '63_11R22.5-500-710Rバフ100_H.wav'.
2024-12-28 21:18:33,410 - INFO - Saved processed hits to '63_500.csv'.
2024-12-28 21:18:33,410 - INFO - Processing file: 44_225-80R17.5-800-710R_H.wav (Tire: 44, Pressure: 800, TireSize: 225-80R17.5, Tire_Type: 710R, Wear: 0%, Rim: Al)
2024-12-28 21:18:33,410 - INFO - Loaded audio file '44_225-80R17.5-800-710R_H.wav' with sample rate 2000 Hz.
2024-12-28 21:18:33,410 - INFO - Detected 5 hits in '44_225-80R17.5-800-710R_H.wav'.
2024-12-28 21:18:33,413 - INFO - Saved processed hits to '44_800.csv'.
2024-12-28 21:18:33,414 - INFO - Processing file: 10_245-70R19.5-800-710R_H.wav (Tire: 10, Pressure: 800, TireSize: 245-70R19.5, Tire_Type: 710R, Wear: 0%, Rim: Ir)
2024-12-28 21:18:33,414 - INFO - Loaded audio file '10_245-70R19.5-800-710R_H.wav' with sample rate 2000 Hz.
2024-12-28 21:18:33,414 - INFO - Detected 5 hits in '10_245-70R19.5-800-710R_H.wav'.
2024-12-28 21:18:33,417 - INFO - Saved processed hits to '10_800.csv'.
2024-12-28 21:18:33,417 - INFO - Processing file: 30_11R22.5-800-101LZ_H.wav (Tire: 30, Pressure: 800, TireSize: 11R22.5, Tire_Type: 101LZ, Wear: 0%, Rim: Ir)
2024-12-28 21:18:33,417 - INFO - Loaded audio file '30_11R22.5-800-101LZ_H.wav' with sample rate 2000 Hz.
2024-12-28 21:18:33,417 - INFO - Detected 5 hits in '30_11R22.5-800-101LZ_H.wav'.
2024-12-28 21:18:33,420 - INFO - Saved processed hits to '30_800.csv'.
2024-12-28 21:18:33,420 - INFO - Processing file: 58_11R22.5-500-710Rバフ50_H.wav (Tire: 58, Pressure: 500, TireSize: 11R22.5, Tire_Type: 710R, Wear: 50%, Rim: Ir)
2024-12-28 21:18:33,420 - INFO - Loaded audio file '58_11R22.5-500-710Rバフ50_H.wav' with sample rate 2000 Hz.
2024-12-28 21:18:33,420 - INFO - Detected 5 hits in '58_11R22.5-500-710Rバフ50_H.wav'.
2024-12-28 21:18:33,423 - INFO - Saved processed hits to '58_500.csv'.
2024-12-28 21:18:33,423 - INFO - Processing file: 35_11R22.5-700-903ZW_H.wav (Tire: 35, Pressure: 700, TireSize: 11R22.5, Tire_Type: 903ZW, Wear: 0%, Rim: Ir)
2024-12-28 21:18:33,423 - INFO - Loaded audio file '35_11R22.5-700-903ZW_H.wav' with sample rate 2000 Hz.
2024-12-28 21:18:33,424 - INFO - Detected 5 hits in '35_11R22.5-700-903ZW_H.wav'.
2024-12-28 21:18:33,426 - INFO - Saved processed hits to '35_700.csv'.
2024-12-28 21:18:33,427 - INFO - Processing file: 14_245-70R19.5-700-710R_H.wav (Tire: 14, Pressure: 700, TireSize: 245-70R19.5, Tire_Type: 710R, Wear: 0%, Rim: Ir)
2024-12-28 21:18:33,427 - INFO - Loaded audio file '14_245-70R19.5-700-710R_H.wav' with sample rate 2000 Hz.
2024-12-28 21:18:33,427 - INFO - Detected 5 hits in '14_245-70R19.5-700-710R_H.wav'.
2024-12-28 21:18:33,430 - INFO - Saved processed hits to '14_700.csv'.
2024-12-28 21:18:33,431 - INFO - Processing complete.
